{"level":"info","message":"Server running in development mode on port 5000","timestamp":"2026-02-25T11:01:33.350Z"}
{"level":"info","message":"MongoDB Connected: localhost","timestamp":"2026-02-25T11:01:33.399Z"}
{"level":"info","message":"Server running in development mode on port 5000","timestamp":"2026-02-25T11:04:16.663Z"}
{"level":"info","message":"MongoDB Connected: localhost","timestamp":"2026-02-25T11:04:16.687Z"}
{"level":"info","message":"Server running in development mode on port 5000","timestamp":"2026-02-25T11:04:54.669Z"}
{"level":"info","message":"MongoDB Connected: localhost","timestamp":"2026-02-25T11:04:54.682Z"}
{"level":"info","message":"Server running in development mode on port 5000","timestamp":"2026-02-25T11:05:04.282Z"}
{"level":"info","message":"MongoDB Connected: localhost","timestamp":"2026-02-25T11:05:04.305Z"}
{"level":"info","message":"Server running in development mode on port 5000","timestamp":"2026-02-27T12:00:21.525Z"}
{"level":"info","message":"MongoDB Connected: ac-ryho25t-shard-00-00.eb8lhc8.mongodb.net","timestamp":"2026-02-27T12:00:22.105Z"}
{"level":"info","message":"Server running in development mode on port 5000","timestamp":"2026-02-27T12:00:34.732Z"}
{"level":"info","message":"MongoDB Connected: ac-ryho25t-shard-00-00.eb8lhc8.mongodb.net","timestamp":"2026-02-27T12:00:35.218Z"}
{"level":"info","message":"Server running in development mode on port 5000","timestamp":"2026-02-27T12:00:46.512Z"}
{"level":"info","message":"MongoDB Connected: ac-ryho25t-shard-00-02.eb8lhc8.mongodb.net","timestamp":"2026-02-27T12:00:47.743Z"}
{"level":"info","message":"Server running in development mode on port 5000","timestamp":"2026-02-27T12:00:48.803Z"}
{"level":"info","message":"MongoDB Connected: ac-ryho25t-shard-00-00.eb8lhc8.mongodb.net","timestamp":"2026-02-27T12:00:49.246Z"}
{"level":"info","message":"Server running in development mode on port 5000","timestamp":"2026-02-27T12:00:59.793Z"}
{"level":"info","message":"MongoDB Connected: ac-ryho25t-shard-00-01.eb8lhc8.mongodb.net","timestamp":"2026-02-27T12:01:00.356Z"}
{"level":"info","message":"Server running in development mode on port 5000","timestamp":"2026-02-27T12:01:02.214Z"}
{"level":"info","message":"MongoDB Connected: ac-ryho25t-shard-00-00.eb8lhc8.mongodb.net","timestamp":"2026-02-27T12:01:02.647Z"}
{"level":"info","message":"Server running in development mode on port 5000","timestamp":"2026-02-27T12:01:11.338Z"}
{"level":"info","message":"MongoDB Connected: ac-ryho25t-shard-00-02.eb8lhc8.mongodb.net","timestamp":"2026-02-27T12:01:11.778Z"}
{"level":"info","message":"Server running in development mode on port 5000","timestamp":"2026-02-27T12:01:22.685Z"}
{"level":"info","message":"MongoDB Connected: ac-ryho25t-shard-00-00.eb8lhc8.mongodb.net","timestamp":"2026-02-27T12:01:23.121Z"}
{"level":"info","message":"Server running in development mode on port 5000","timestamp":"2026-02-27T12:01:44.203Z"}
{"level":"info","message":"MongoDB Connected: ac-ryho25t-shard-00-01.eb8lhc8.mongodb.net","timestamp":"2026-02-27T12:01:44.666Z"}
{"level":"info","message":"Server running in development mode on port 5000","timestamp":"2026-02-27T12:02:26.200Z"}
{"level":"info","message":"MongoDB Connected: ac-ryho25t-shard-00-01.eb8lhc8.mongodb.net","timestamp":"2026-02-27T12:02:26.632Z"}
{"level":"info","message":"Server running in development mode on port 5000","timestamp":"2026-02-27T12:02:49.633Z"}
{"level":"info","message":"MongoDB Connected: ac-ryho25t-shard-00-00.eb8lhc8.mongodb.net","timestamp":"2026-02-27T12:02:50.087Z"}
{"level":"info","message":"Server running in development mode on port 5000","timestamp":"2026-02-27T16:37:57.507Z"}
{"level":"info","message":"MongoDB Connected: ac-ryho25t-shard-00-02.eb8lhc8.mongodb.net","timestamp":"2026-02-27T16:37:58.009Z"}
{"level":"info","message":"Server running in development mode on port 5000","timestamp":"2026-02-28T10:23:20.894Z"}
{"level":"info","message":"MongoDB Connected: ac-ryho25t-shard-00-01.eb8lhc8.mongodb.net","timestamp":"2026-02-28T10:23:21.604Z"}
{"level":"info","message":"Server running in development mode on port 5000","timestamp":"2026-02-28T10:32:43.303Z"}
{"level":"info","message":"MongoDB Connected: ac-ryho25t-shard-00-00.eb8lhc8.mongodb.net","timestamp":"2026-02-28T10:32:43.974Z"}
{"level":"info","message":"Server running in development mode on port 5000","timestamp":"2026-02-28T10:32:45.571Z"}
{"level":"info","message":"MongoDB Connected: ac-ryho25t-shard-00-01.eb8lhc8.mongodb.net","timestamp":"2026-02-28T10:32:46.147Z"}
{"level":"info","message":"Server running in development mode on port 5000","timestamp":"2026-02-28T10:36:06.501Z"}
{"level":"info","message":"MongoDB Connected: ac-ryho25t-shard-00-00.eb8lhc8.mongodb.net","timestamp":"2026-02-28T10:36:07.136Z"}
{"level":"error","message":"TypeError: Cannot read properties of undefined (reading 'push')\n    at exports.login (D:\\ichamber-clone\\backend\\src\\modules\\auth\\auth.service.js:45:22)\n    at async exports.login (D:\\ichamber-clone\\backend\\src\\modules\\auth\\auth.controller.js:34:49)","timestamp":"2026-02-28T10:36:11.387Z"}
{"level":"error","message":"TypeError: Cannot read properties of undefined (reading 'push')\n    at exports.login (D:\\ichamber-clone\\backend\\src\\modules\\auth\\auth.service.js:45:22)\n    at async exports.login (D:\\ichamber-clone\\backend\\src\\modules\\auth\\auth.controller.js:34:49)","timestamp":"2026-02-28T10:36:20.672Z"}
{"level":"error","message":"TypeError: Cannot read properties of undefined (reading 'push')\n    at exports.login (D:\\ichamber-clone\\backend\\src\\modules\\auth\\auth.service.js:45:22)\n    at async exports.login (D:\\ichamber-clone\\backend\\src\\modules\\auth\\auth.controller.js:34:49)","timestamp":"2026-02-28T10:37:50.754Z"}
{"level":"error","message":"TypeError: Cannot read properties of undefined (reading 'push')\n    at exports.login (D:\\ichamber-clone\\backend\\src\\modules\\auth\\auth.service.js:45:22)\n    at async exports.login (D:\\ichamber-clone\\backend\\src\\modules\\auth\\auth.controller.js:34:49)","timestamp":"2026-02-28T10:38:28.743Z"}
{"level":"error","message":"TypeError: Cannot read properties of undefined (reading 'push')\n    at exports.login (D:\\ichamber-clone\\backend\\src\\modules\\auth\\auth.service.js:45:22)\n    at async exports.login (D:\\ichamber-clone\\backend\\src\\modules\\auth\\auth.controller.js:34:49)","timestamp":"2026-02-28T10:39:06.309Z"}
{"level":"info","message":"Server running in development mode on port 5000","timestamp":"2026-02-28T10:40:44.659Z"}
{"level":"info","message":"MongoDB Connected: ac-ryho25t-shard-00-00.eb8lhc8.mongodb.net","timestamp":"2026-02-28T10:40:45.318Z"}
{"level":"error","message":"TypeError: Cannot read properties of undefined (reading 'push')\n    at exports.login (D:\\ichamber-clone\\backend\\src\\modules\\auth\\auth.service.js:45:22)\n    at async exports.login (D:\\ichamber-clone\\backend\\src\\modules\\auth\\auth.controller.js:34:49)","timestamp":"2026-02-28T10:42:46.352Z"}
{"level":"error","message":"MongoServerError: E11000 duplicate key error collection: test.users index: email_1 dup key: { email: \"singh17@gmail.com\" }\n    at InsertOneOperation.handleOk (D:\\ichamber-clone\\backend\\node_modules\\mongodb\\lib\\operations\\insert.js:51:19)\n    at tryOperation (D:\\ichamber-clone\\backend\\node_modules\\mongodb\\lib\\operations\\execute_operation.js:214:34)\n    at process.processTicksAndRejections (node:internal/process/task_queues:105:5)\n    at async executeOperation (D:\\ichamber-clone\\backend\\node_modules\\mongodb\\lib\\operations\\execute_operation.js:78:16)\n    at async Collection.insertOne (D:\\ichamber-clone\\backend\\node_modules\\mongodb\\lib\\collection.js:154:16)","timestamp":"2026-02-28T10:42:51.528Z"}
{"level":"error","message":"TypeError: Cannot read properties of undefined (reading 'push')\n    at exports.login (D:\\ichamber-clone\\backend\\src\\modules\\auth\\auth.service.js:45:22)\n    at async exports.login (D:\\ichamber-clone\\backend\\src\\modules\\auth\\auth.controller.js:34:49)","timestamp":"2026-02-28T10:43:20.066Z"}
{"level":"info","message":"Server running in development mode on port 5000","timestamp":"2026-02-28T10:44:00.550Z"}
{"level":"info","message":"MongoDB Connected: ac-ryho25t-shard-00-02.eb8lhc8.mongodb.net","timestamp":"2026-02-28T10:44:01.054Z"}
{"level":"info","message":"Server running in development mode on port 5000","timestamp":"2026-02-28T10:52:03.016Z"}
{"level":"info","message":"MongoDB Connected: ac-ryho25t-shard-00-00.eb8lhc8.mongodb.net","timestamp":"2026-02-28T10:52:03.551Z"}
{"level":"info","message":"Server running in development mode on port 5000","timestamp":"2026-02-28T11:38:18.597Z"}
{"level":"info","message":"MongoDB Connected: ac-ryho25t-shard-00-00.eb8lhc8.mongodb.net","timestamp":"2026-02-28T11:38:19.070Z"}
{"level":"info","message":"Server running in development mode on port 5000","timestamp":"2026-02-28T11:38:21.177Z"}
{"level":"info","message":"Server running in development mode on port 5000","timestamp":"2026-02-28T11:38:22.381Z"}
{"level":"info","message":"MongoDB Connected: ac-ryho25t-shard-00-00.eb8lhc8.mongodb.net","timestamp":"2026-02-28T11:38:22.934Z"}
{"level":"info","message":"Server running in development mode on port 5000","timestamp":"2026-02-28T11:38:36.763Z"}
{"level":"info","message":"MongoDB Connected: ac-ryho25t-shard-00-00.eb8lhc8.mongodb.net","timestamp":"2026-02-28T11:38:37.249Z"}
{"level":"info","message":"Server running in development mode on port 5000","timestamp":"2026-02-28T11:38:39.831Z"}
{"level":"info","message":"MongoDB Connected: ac-ryho25t-shard-00-02.eb8lhc8.mongodb.net","timestamp":"2026-02-28T11:38:40.307Z"}
{"level":"info","message":"Server running in development mode on port 5000","timestamp":"2026-02-28T11:43:30.037Z"}
{"level":"info","message":"MongoDB Connected: ac-ryho25t-shard-00-02.eb8lhc8.mongodb.net","timestamp":"2026-02-28T11:43:30.512Z"}
{"level":"info","message":"Server running in development mode on port 5000","timestamp":"2026-02-28T11:43:38.730Z"}
{"level":"info","message":"MongoDB Connected: ac-ryho25t-shard-00-01.eb8lhc8.mongodb.net","timestamp":"2026-02-28T11:43:39.183Z"}
{"level":"info","message":"Server running in development mode on port 5000","timestamp":"2026-02-28T11:43:41.252Z"}
{"level":"info","message":"MongoDB Connected: ac-ryho25t-shard-00-00.eb8lhc8.mongodb.net","timestamp":"2026-02-28T11:43:41.723Z"}
{"level":"info","message":"Server running in development mode on port 5000","timestamp":"2026-02-28T11:43:42.923Z"}
{"level":"info","message":"MongoDB Connected: ac-ryho25t-shard-00-01.eb8lhc8.mongodb.net","timestamp":"2026-02-28T11:43:43.336Z"}
{"level":"info","message":"Server running in development mode on port 5000","timestamp":"2026-02-28T11:43:52.461Z"}
{"level":"info","message":"MongoDB Connected: ac-ryho25t-shard-00-02.eb8lhc8.mongodb.net","timestamp":"2026-02-28T11:43:52.940Z"}
{"level":"info","message":"Server running in development mode on port 5000","timestamp":"2026-02-28T11:43:54.936Z"}
{"level":"info","message":"Server running in development mode on port 5000","timestamp":"2026-02-28T11:43:56.858Z"}
{"level":"info","message":"MongoDB Connected: ac-ryho25t-shard-00-00.eb8lhc8.mongodb.net","timestamp":"2026-02-28T11:43:57.325Z"}
{"level":"info","message":"Server running in development mode on port 5000","timestamp":"2026-02-28T11:44:07.769Z"}
{"level":"info","message":"MongoDB Connected: ac-ryho25t-shard-00-00.eb8lhc8.mongodb.net","timestamp":"2026-02-28T11:44:08.205Z"}
{"level":"info","message":"Server running in development mode on port 5000","timestamp":"2026-02-28T11:44:10.303Z"}
{"level":"info","message":"MongoDB Connected: ac-ryho25t-shard-00-02.eb8lhc8.mongodb.net","timestamp":"2026-02-28T11:44:10.743Z"}
{"level":"info","message":"Server running in development mode on port 5000","timestamp":"2026-02-28T11:44:12.138Z"}
{"level":"info","message":"MongoDB Connected: ac-ryho25t-shard-00-01.eb8lhc8.mongodb.net","timestamp":"2026-02-28T11:44:12.545Z"}
{"level":"info","message":"Server running in development mode on port 5000","timestamp":"2026-02-28T11:44:14.324Z"}
{"level":"info","message":"MongoDB Connected: ac-ryho25t-shard-00-01.eb8lhc8.mongodb.net","timestamp":"2026-02-28T11:44:14.797Z"}
{"level":"info","message":"Server running in development mode on port 5000","timestamp":"2026-02-28T11:46:47.307Z"}
{"level":"info","message":"MongoDB Connected: ac-ryho25t-shard-00-01.eb8lhc8.mongodb.net","timestamp":"2026-02-28T11:46:47.943Z"}
{"level":"info","message":"Server running in development mode on port 5000","timestamp":"2026-02-28T11:48:03.432Z"}
{"level":"info","message":"MongoDB Connected: ac-ryho25t-shard-00-02.eb8lhc8.mongodb.net","timestamp":"2026-02-28T11:48:03.898Z"}
{"level":"info","message":"Server running in development mode on port 5000","timestamp":"2026-02-28T11:49:36.212Z"}
{"level":"info","message":"MongoDB Connected: ac-ryho25t-shard-00-02.eb8lhc8.mongodb.net","timestamp":"2026-02-28T11:49:36.673Z"}
{"level":"error","message":"Error: Email could not be sent\n    at exports.register (D:\\ichamber-clone\\backend\\src\\modules\\auth\\auth.service.js:47:11)\n    at process.processTicksAndRejections (node:internal/process/task_queues:105:5)\n    at async exports.register (D:\\ichamber-clone\\backend\\src\\modules\\auth\\auth.controller.js:23:5)","timestamp":"2026-02-28T11:51:53.382Z"}
{"level":"info","message":"Server running in development mode on port 5000","timestamp":"2026-02-28T11:52:01.872Z"}
{"level":"info","message":"MongoDB Connected: ac-ryho25t-shard-00-00.eb8lhc8.mongodb.net","timestamp":"2026-02-28T11:52:02.364Z"}
{"level":"error","message":"Error: Email could not be sent\n    at exports.register (D:\\ichamber-clone\\backend\\src\\modules\\auth\\auth.service.js:51:11)\n    at process.processTicksAndRejections (node:internal/process/task_queues:105:5)\n    at async exports.register (D:\\ichamber-clone\\backend\\src\\modules\\auth\\auth.controller.js:23:5)","timestamp":"2026-02-28T11:52:19.788Z"}
{"level":"info","message":"Server running in development mode on port 5000","timestamp":"2026-02-28T11:52:55.588Z"}
{"level":"info","message":"MongoDB Connected: ac-ryho25t-shard-00-00.eb8lhc8.mongodb.net","timestamp":"2026-02-28T11:52:56.051Z"}
{"level":"error","message":"Error: Email could not be sent\n    at exports.register (D:\\ichamber-clone\\backend\\src\\modules\\auth\\auth.service.js:51:11)\n    at process.processTicksAndRejections (node:internal/process/task_queues:105:5)\n    at async exports.register (D:\\ichamber-clone\\backend\\src\\modules\\auth\\auth.controller.js:23:5)","timestamp":"2026-02-28T11:53:12.946Z"}
{"level":"info","message":"Server running in development mode on port 5000","timestamp":"2026-02-28T11:53:39.267Z"}
{"level":"info","message":"MongoDB Connected: ac-ryho25t-shard-00-02.eb8lhc8.mongodb.net","timestamp":"2026-02-28T11:53:39.733Z"}
{"level":"error","message":"Error: Email could not be sent\n    at exports.register (D:\\ichamber-clone\\backend\\src\\modules\\auth\\auth.service.js:53:11)\n    at process.processTicksAndRejections (node:internal/process/task_queues:105:5)\n    at async exports.register (D:\\ichamber-clone\\backend\\src\\modules\\auth\\auth.controller.js:23:5)","timestamp":"2026-02-28T11:54:04.999Z"}
{"level":"error","message":"Error: Invalid or expired verification token\n    at exports.verifyEmail (D:\\ichamber-clone\\backend\\src\\modules\\auth\\auth.service.js:130:19)\n    at process.processTicksAndRejections (node:internal/process/task_queues:105:5)\n    at async exports.verifyEmail (D:\\ichamber-clone\\backend\\src\\modules\\auth\\auth.controller.js:32:5)","timestamp":"2026-02-28T11:54:28.778Z"}
{"level":"error","message":"Error: Invalid credentials\n    at exports.login (D:\\ichamber-clone\\backend\\src\\modules\\auth\\auth.service.js:63:19)\n    at async exports.login (D:\\ichamber-clone\\backend\\src\\modules\\auth\\auth.controller.js:44:49)","timestamp":"2026-02-28T11:54:32.089Z"}
{"level":"info","message":"Server running in development mode on port 5000","timestamp":"2026-02-28T11:55:30.572Z"}
{"level":"info","message":"MongoDB Connected: ac-ryho25t-shard-00-01.eb8lhc8.mongodb.net","timestamp":"2026-02-28T11:55:31.009Z"}
{"level":"error","message":"Error: Email could not be sent\n    at exports.register (D:\\ichamber-clone\\backend\\src\\modules\\auth\\auth.service.js:53:11)\n    at process.processTicksAndRejections (node:internal/process/task_queues:105:5)\n    at async exports.register (D:\\ichamber-clone\\backend\\src\\modules\\auth\\auth.controller.js:23:5)","timestamp":"2026-02-28T11:55:47.699Z"}
{"level":"error","message":"Error: Invalid or expired verification token\n    at exports.verifyEmail (D:\\ichamber-clone\\backend\\src\\modules\\auth\\auth.service.js:130:19)\n    at process.processTicksAndRejections (node:internal/process/task_queues:105:5)\n    at async exports.verifyEmail (D:\\ichamber-clone\\backend\\src\\modules\\auth\\auth.controller.js:32:5)","timestamp":"2026-02-28T11:55:58.959Z"}
{"level":"error","message":"Error: Please verify your email to login\n    at exports.login (D:\\ichamber-clone\\backend\\src\\modules\\auth\\auth.service.js:69:19)\n    at async exports.login (D:\\ichamber-clone\\backend\\src\\modules\\auth\\auth.controller.js:44:49)","timestamp":"2026-02-28T11:56:05.364Z"}
{"level":"info","message":"Server running in development mode on port 5000","timestamp":"2026-02-28T11:57:29.035Z"}
{"level":"info","message":"MongoDB Connected: ac-ryho25t-shard-00-01.eb8lhc8.mongodb.net","timestamp":"2026-02-28T11:57:29.496Z"}
{"level":"info","message":"Server running in development mode on port 5000","timestamp":"2026-02-28T11:57:31.544Z"}
{"level":"info","message":"MongoDB Connected: ac-ryho25t-shard-00-00.eb8lhc8.mongodb.net","timestamp":"2026-02-28T11:57:32.007Z"}
{"level":"info","message":"Server running in development mode on port 5000","timestamp":"2026-02-28T11:57:33.311Z"}
{"level":"info","message":"MongoDB Connected: ac-ryho25t-shard-00-02.eb8lhc8.mongodb.net","timestamp":"2026-02-28T11:57:33.786Z"}
{"level":"info","message":"Server running in development mode on port 5000","timestamp":"2026-02-28T12:00:39.690Z"}
{"level":"info","message":"MongoDB Connected: ac-ryho25t-shard-00-02.eb8lhc8.mongodb.net","timestamp":"2026-02-28T12:00:40.158Z"}
{"level":"error","message":"Error: Invalid or expired verification token\n    at exports.verifyEmail (D:\\ichamber-clone\\backend\\src\\modules\\auth\\auth.service.js:126:19)\n    at process.processTicksAndRejections (node:internal/process/task_queues:105:5)\n    at async exports.verifyEmail (D:\\ichamber-clone\\backend\\src\\modules\\auth\\auth.controller.js:32:5)","timestamp":"2026-02-28T12:01:38.281Z"}
{"level":"error","message":"Error: Please verify your email to login\n    at exports.login (D:\\ichamber-clone\\backend\\src\\modules\\auth\\auth.service.js:65:19)\n    at async exports.login (D:\\ichamber-clone\\backend\\src\\modules\\auth\\auth.controller.js:44:49)","timestamp":"2026-02-28T12:02:00.387Z"}
{"level":"info","message":"Server running in development mode on port 5000","timestamp":"2026-02-28T12:02:46.603Z"}
{"level":"info","message":"MongoDB Connected: ac-ryho25t-shard-00-00.eb8lhc8.mongodb.net","timestamp":"2026-02-28T12:02:47.091Z"}
{"level":"info","message":"Simulated email sent to: viveksingh31722@gmail.com","timestamp":"2026-02-28T12:03:00.159Z"}
{"level":"error","message":"Error: Invalid or expired verification token\n    at exports.verifyEmail (D:\\ichamber-clone\\backend\\src\\modules\\auth\\auth.service.js:126:19)\n    at process.processTicksAndRejections (node:internal/process/task_queues:105:5)\n    at async exports.verifyEmail (D:\\ichamber-clone\\backend\\src\\modules\\auth\\auth.controller.js:32:5)","timestamp":"2026-02-28T12:03:46.190Z"}
{"level":"error","message":"Error: Please verify your email to login\n    at exports.login (D:\\ichamber-clone\\backend\\src\\modules\\auth\\auth.service.js:65:19)\n    at async exports.login (D:\\ichamber-clone\\backend\\src\\modules\\auth\\auth.controller.js:44:49)","timestamp":"2026-02-28T12:03:50.292Z"}
{"level":"info","message":"Server running in development mode on port 5000","timestamp":"2026-02-28T12:04:01.610Z"}
{"level":"info","message":"MongoDB Connected: ac-ryho25t-shard-00-01.eb8lhc8.mongodb.net","timestamp":"2026-02-28T12:04:02.213Z"}
{"level":"info","message":"Simulated email sent to: viveksingh31722@gmail.com","timestamp":"2026-02-28T12:05:42.008Z"}
{"level":"error","message":"Error: Invalid or expired verification token\n    at exports.verifyEmail (D:\\ichamber-clone\\backend\\src\\modules\\auth\\auth.service.js:126:19)\n    at process.processTicksAndRejections (node:internal/process/task_queues:105:5)\n    at async exports.verifyEmail (D:\\ichamber-clone\\backend\\src\\modules\\auth\\auth.controller.js:32:5)","timestamp":"2026-02-28T12:05:50.155Z"}
{"level":"error","message":"Error: Please verify your email to login\n    at exports.login (D:\\ichamber-clone\\backend\\src\\modules\\auth\\auth.service.js:65:19)\n    at async exports.login (D:\\ichamber-clone\\backend\\src\\modules\\auth\\auth.controller.js:44:49)","timestamp":"2026-02-28T12:05:55.292Z"}
{"level":"info","message":"Server running in development mode on port 5000","timestamp":"2026-02-28T12:08:53.320Z"}
{"level":"info","message":"MongoDB Connected: ac-ryho25t-shard-00-00.eb8lhc8.mongodb.net","timestamp":"2026-02-28T12:08:53.764Z"}
{"level":"info","message":"Simulated email sent to: viveksingh31722@gmail.com","timestamp":"2026-02-28T12:09:08.691Z"}
{"level":"info","message":"Server running in development mode on port 5000","timestamp":"2026-02-28T12:09:34.726Z"}
{"level":"info","message":"MongoDB Connected: ac-ryho25t-shard-00-01.eb8lhc8.mongodb.net","timestamp":"2026-02-28T12:09:35.243Z"}
{"level":"info","message":"Simulated email sent to: viveksingh31722@gmail.com","timestamp":"2026-02-28T12:09:45.663Z"}
{"level":"info","message":"Server running in development mode on port 5000","timestamp":"2026-02-28T12:10:18.986Z"}
{"level":"info","message":"MongoDB Connected: ac-ryho25t-shard-00-00.eb8lhc8.mongodb.net","timestamp":"2026-02-28T12:10:19.520Z"}
{"level":"error","message":"ValidationError: InvestorApplication validation failed: occupation: `investor` is not a valid enum value for path `occupation`.\n    at Document.invalidate (D:\\ichamber-clone\\backend\\node_modules\\mongoose\\lib\\document.js:3381:32)\n    at D:\\ichamber-clone\\backend\\node_modules\\mongoose\\lib\\document.js:3142:17\n    at D:\\ichamber-clone\\backend\\node_modules\\mongoose\\lib\\schemaType.js:1446:9\n    at process.processTicksAndRejections (node:internal/process/task_queues:85:11)","timestamp":"2026-02-28T12:10:30.127Z"}
{"level":"error","message":"ValidationError: InvestorApplication validation failed: occupation: `investor` is not a valid enum value for path `occupation`.\n    at Document.invalidate (D:\\ichamber-clone\\backend\\node_modules\\mongoose\\lib\\document.js:3381:32)\n    at D:\\ichamber-clone\\backend\\node_modules\\mongoose\\lib\\document.js:3142:17\n    at D:\\ichamber-clone\\backend\\node_modules\\mongoose\\lib\\schemaType.js:1446:9\n    at process.processTicksAndRejections (node:internal/process/task_queues:85:11)","timestamp":"2026-02-28T12:10:52.360Z"}
{"level":"info","message":"Server running in development mode on port 5000","timestamp":"2026-02-28T12:11:46.727Z"}
{"level":"info","message":"MongoDB Connected: ac-ryho25t-shard-00-00.eb8lhc8.mongodb.net","timestamp":"2026-02-28T12:11:47.186Z"}
{"level":"info","message":"Server running in development mode on port 5000","timestamp":"2026-02-28T12:12:29.978Z"}
{"level":"info","message":"MongoDB Connected: ac-ryho25t-shard-00-01.eb8lhc8.mongodb.net","timestamp":"2026-02-28T12:12:30.478Z"}
{"level":"info","message":"Server running in development mode on port 5000","timestamp":"2026-03-09T10:20:44.693Z"}
{"level":"info","message":"MongoDB Connected: ac-ryho25t-shard-00-00.eb8lhc8.mongodb.net","timestamp":"2026-03-09T10:20:45.178Z"}
{"level":"info","message":"Server running in development mode on port 5000","timestamp":"2026-03-09T10:24:13.833Z"}
{"level":"info","message":"MongoDB Connected: ac-ryho25t-shard-00-02.eb8lhc8.mongodb.net","timestamp":"2026-03-09T10:24:14.282Z"}
{"level":"info","message":"Server running in development mode on port 5000","timestamp":"2026-03-09T10:24:18.386Z"}
{"level":"info","message":"MongoDB Connected: ac-ryho25t-shard-00-02.eb8lhc8.mongodb.net","timestamp":"2026-03-09T10:24:19.184Z"}
{"level":"info","message":"Server running in development mode on port 5000","timestamp":"2026-03-09T10:24:31.929Z"}
{"level":"info","message":"MongoDB Connected: ac-ryho25t-shard-00-00.eb8lhc8.mongodb.net","timestamp":"2026-03-09T10:24:32.465Z"}
{"level":"info","message":"[SIMULATED EMAIL] Sent to: verify_test_1773051901018@example.com","timestamp":"2026-03-09T10:25:01.266Z"}
{"level":"info","message":"[SIMULATED SUBJECT]: Email Verification","timestamp":"2026-03-09T10:25:01.268Z"}
{"level":"error","message":"ValidationError: Membership validation failed: scope: Path `scope` is required.\n    at Document.invalidate (D:\\ichamber-clone\\backend\\node_modules\\mongoose\\lib\\document.js:3381:32)\n    at D:\\ichamber-clone\\backend\\node_modules\\mongoose\\lib\\document.js:3142:17\n    at D:\\ichamber-clone\\backend\\node_modules\\mongoose\\lib\\schemaType.js:1446:9\n    at process.processTicksAndRejections (node:internal/process/task_queues:85:11)","timestamp":"2026-03-09T10:25:02.433Z"}
{"level":"info","message":"Server running in development mode on port 5000","timestamp":"2026-03-09T10:25:27.367Z"}
{"level":"info","message":"MongoDB Connected: ac-ryho25t-shard-00-02.eb8lhc8.mongodb.net","timestamp":"2026-03-09T10:25:27.889Z"}
{"level":"info","message":"[SIMULATED EMAIL] Sent to: verify_test_1773051932549@example.com","timestamp":"2026-03-09T10:25:32.770Z"}
{"level":"info","message":"[SIMULATED SUBJECT]: Email Verification","timestamp":"2026-03-09T10:25:32.771Z"}
{"level":"error","message":"ValidationError: ContactQuery validation failed: fullName: Path `fullName` is required.\n    at Document.invalidate (D:\\ichamber-clone\\backend\\node_modules\\mongoose\\lib\\document.js:3381:32)\n    at D:\\ichamber-clone\\backend\\node_modules\\mongoose\\lib\\document.js:3142:17\n    at D:\\ichamber-clone\\backend\\node_modules\\mongoose\\lib\\schemaType.js:1446:9\n    at process.processTicksAndRejections (node:internal/process/task_queues:85:11)","timestamp":"2026-03-09T10:25:33.971Z"}
{"level":"info","message":"[SIMULATED EMAIL] Sent to: verify_test_1773051942455@example.com","timestamp":"2026-03-09T10:25:42.638Z"}
{"level":"info","message":"[SIMULATED SUBJECT]: Email Verification","timestamp":"2026-03-09T10:25:42.639Z"}
{"level":"error","message":"ValidationError: ContactQuery validation failed: fullName: Path `fullName` is required.\n    at Document.invalidate (D:\\ichamber-clone\\backend\\node_modules\\mongoose\\lib\\document.js:3381:32)\n    at D:\\ichamber-clone\\backend\\node_modules\\mongoose\\lib\\document.js:3142:17\n    at D:\\ichamber-clone\\backend\\node_modules\\mongoose\\lib\\schemaType.js:1446:9\n    at process.processTicksAndRejections (node:internal/process/task_queues:85:11)","timestamp":"2026-03-09T10:25:43.764Z"}
{"level":"info","message":"[SIMULATED EMAIL] Sent to: verify_test_1773051953070@example.com","timestamp":"2026-03-09T10:25:53.265Z"}
{"level":"info","message":"[SIMULATED SUBJECT]: Email Verification","timestamp":"2026-03-09T10:25:53.270Z"}
{"level":"error","message":"ValidationError: ContactQuery validation failed: fullName: Path `fullName` is required.\n    at Document.invalidate (D:\\ichamber-clone\\backend\\node_modules\\mongoose\\lib\\document.js:3381:32)\n    at D:\\ichamber-clone\\backend\\node_modules\\mongoose\\lib\\document.js:3142:17\n    at D:\\ichamber-clone\\backend\\node_modules\\mongoose\\lib\\schemaType.js:1446:9\n    at process.processTicksAndRejections (node:internal/process/task_queues:85:11)","timestamp":"2026-03-09T10:25:54.501Z"}
{"level":"info","message":"[SIMULATED EMAIL] Sent to: verify_test_1773051963845@example.com","timestamp":"2026-03-09T10:26:04.027Z"}
{"level":"info","message":"[SIMULATED SUBJECT]: Email Verification","timestamp":"2026-03-09T10:26:04.027Z"}
{"level":"error","message":"ValidationError: ContactQuery validation failed: fullName: Path `fullName` is required.\n    at Document.invalidate (D:\\ichamber-clone\\backend\\node_modules\\mongoose\\lib\\document.js:3381:32)\n    at D:\\ichamber-clone\\backend\\node_modules\\mongoose\\lib\\document.js:3142:17\n    at D:\\ichamber-clone\\backend\\node_modules\\mongoose\\lib\\schemaType.js:1446:9\n    at process.processTicksAndRejections (node:internal/process/task_queues:85:11)","timestamp":"2026-03-09T10:26:05.177Z"}
{"level":"info","message":"Server running in development mode on port 5000","timestamp":"2026-03-09T10:26:15.927Z"}
{"level":"info","message":"MongoDB Connected: ac-ryho25t-shard-00-02.eb8lhc8.mongodb.net","timestamp":"2026-03-09T10:26:16.467Z"}
{"level":"info","message":"[SIMULATED EMAIL] Sent to: verify_test_1773051981300@example.com","timestamp":"2026-03-09T10:26:21.537Z"}
{"level":"info","message":"[SIMULATED SUBJECT]: Email Verification","timestamp":"2026-03-09T10:26:21.537Z"}
{"level":"info","message":"Server running in development mode on port 5000","timestamp":"2026-03-09T10:30:03.395Z"}
{"level":"info","message":"MongoDB Connected: ac-ryho25t-shard-00-01.eb8lhc8.mongodb.net","timestamp":"2026-03-09T10:30:06.933Z"}
{"level":"error","message":"Error: Not authorized to access this route\n    at protect (D:\\ichamber-clone\\backend\\src\\middlewares\\auth.middleware.js:14:19)\n    at Layer.handle [as handle_request] (D:\\ichamber-clone\\backend\\node_modules\\express\\lib\\router\\layer.js:95:5)\n    at next (D:\\ichamber-clone\\backend\\node_modules\\express\\lib\\router\\route.js:149:13)\n    at Route.dispatch (D:\\ichamber-clone\\backend\\node_modules\\express\\lib\\router\\route.js:119:3)\n    at Layer.handle [as handle_request] (D:\\ichamber-clone\\backend\\node_modules\\express\\lib\\router\\layer.js:95:5)\n    at D:\\ichamber-clone\\backend\\node_modules\\express\\lib\\router\\index.js:284:15\n    at Function.process_params (D:\\ichamber-clone\\backend\\node_modules\\express\\lib\\router\\index.js:346:12)\n    at next (D:\\ichamber-clone\\backend\\node_modules\\express\\lib\\router\\index.js:280:10)\n    at Function.handle (D:\\ichamber-clone\\backend\\node_modules\\express\\lib\\router\\index.js:175:3)\n    at router (D:\\ichamber-clone\\backend\\node_modules\\express\\lib\\router\\index.js:47:12)","timestamp":"2026-03-09T10:31:45.208Z"}
{"level":"error","message":"Error: Please verify your email to login\n    at exports.login (D:\\ichamber-clone\\backend\\src\\modules\\auth\\auth.service.js:68:19)\n    at async exports.login (D:\\ichamber-clone\\backend\\src\\modules\\auth\\auth.controller.js:44:49)","timestamp":"2026-03-09T10:31:53.544Z"}
{"level":"info","message":"Server running in development mode on port 5000","timestamp":"2026-03-09T10:37:02.103Z"}
{"level":"info","message":"MongoDB Connected: ac-ryho25t-shard-00-00.eb8lhc8.mongodb.net","timestamp":"2026-03-09T10:37:02.662Z"}
{"level":"info","message":"Server running in development mode on port 5000","timestamp":"2026-03-09T10:37:13.555Z"}
{"level":"info","message":"MongoDB Connected: ac-ryho25t-shard-00-02.eb8lhc8.mongodb.net","timestamp":"2026-03-09T10:37:14.049Z"}
{"level":"info","message":"Server running in development mode on port 5000","timestamp":"2026-03-09T10:37:23.042Z"}
{"level":"info","message":"MongoDB Connected: ac-ryho25t-shard-00-02.eb8lhc8.mongodb.net","timestamp":"2026-03-09T10:37:23.550Z"}
{"level":"info","message":"Server running in development mode on port 5000","timestamp":"2026-03-09T10:37:37.662Z"}
{"level":"info","message":"MongoDB Connected: ac-ryho25t-shard-00-00.eb8lhc8.mongodb.net","timestamp":"2026-03-09T10:37:38.196Z"}
{"level":"info","message":"[SIMULATED EMAIL] Sent to: delete_test_1773052681124@example.com","timestamp":"2026-03-09T10:38:01.352Z"}
{"level":"info","message":"[SIMULATED SUBJECT]: Email Verification","timestamp":"2026-03-09T10:38:01.354Z"}
{"level":"error","message":"TypeError: user.remove is not a function\n    at exports.deleteAccount (D:\\ichamber-clone\\backend\\src\\modules\\users\\users.controller.js:42:16)\n    at process.processTicksAndRejections (node:internal/process/task_queues:105:5)","timestamp":"2026-03-09T10:38:02.981Z"}
{"level":"info","message":"Server running in development mode on port 5000","timestamp":"2026-03-09T10:38:21.427Z"}
{"level":"info","message":"MongoDB Connected: ac-ryho25t-shard-00-02.eb8lhc8.mongodb.net","timestamp":"2026-03-09T10:38:21.938Z"}
{"level":"info","message":"Server running in development mode on port 5000","timestamp":"2026-03-09T10:38:24.528Z"}
{"level":"info","message":"MongoDB Connected: ac-ryho25t-shard-00-01.eb8lhc8.mongodb.net","timestamp":"2026-03-09T10:38:25.025Z"}
{"level":"info","message":"[SIMULATED EMAIL] Sent to: delete_test_1773052710905@example.com","timestamp":"2026-03-09T10:38:31.134Z"}
{"level":"info","message":"[SIMULATED SUBJECT]: Email Verification","timestamp":"2026-03-09T10:38:31.135Z"}
{"level":"info","message":"Server running in development mode on port 5000","timestamp":"2026-03-09T10:48:32.911Z"}
{"level":"info","message":"MongoDB Connected: ac-ryho25t-shard-00-00.eb8lhc8.mongodb.net","timestamp":"2026-03-09T10:48:33.429Z"}
{"level":"info","message":"Server running in development mode on port 5000","timestamp":"2026-03-09T10:49:17.046Z"}
{"level":"info","message":"MongoDB Connected: ac-ryho25t-shard-00-02.eb8lhc8.mongodb.net","timestamp":"2026-03-09T10:49:17.578Z"}
{"level":"error","message":"Error: Not authorized to access this route\n    at protect (D:\\ichamber-clone\\backend\\src\\middlewares\\auth.middleware.js:14:19)\n    at Layer.handle [as handle_request] (D:\\ichamber-clone\\backend\\node_modules\\express\\lib\\router\\layer.js:95:5)\n    at trim_prefix (D:\\ichamber-clone\\backend\\node_modules\\express\\lib\\router\\index.js:328:13)\n    at D:\\ichamber-clone\\backend\\node_modules\\express\\lib\\router\\index.js:286:9\n    at Function.process_params (D:\\ichamber-clone\\backend\\node_modules\\express\\lib\\router\\index.js:346:12)\n    at next (D:\\ichamber-clone\\backend\\node_modules\\express\\lib\\router\\index.js:280:10)\n    at Function.handle (D:\\ichamber-clone\\backend\\node_modules\\express\\lib\\router\\index.js:175:3)\n    at router (D:\\ichamber-clone\\backend\\node_modules\\express\\lib\\router\\index.js:47:12)\n    at Layer.handle [as handle_request] (D:\\ichamber-clone\\backend\\node_modules\\express\\lib\\router\\layer.js:95:5)\n    at trim_prefix (D:\\ichamber-clone\\backend\\node_modules\\express\\lib\\router\\index.js:328:13)","timestamp":"2026-03-09T10:57:40.622Z"}
{"level":"error","message":"Error: Please verify your email to login\n    at exports.login (D:\\ichamber-clone\\backend\\src\\modules\\auth\\auth.service.js:61:19)\n    at async exports.login (D:\\ichamber-clone\\backend\\src\\modules\\auth\\auth.controller.js:44:49)","timestamp":"2026-03-09T10:59:33.288Z"}
{"level":"info","message":"Server running in development mode on port 5000","timestamp":"2026-03-09T11:15:24.039Z"}
{"level":"info","message":"MongoDB Connected: ac-ryho25t-shard-00-02.eb8lhc8.mongodb.net","timestamp":"2026-03-09T11:15:24.534Z"}
{"level":"info","message":"Server running in development mode on port 5000","timestamp":"2026-03-09T11:18:09.850Z"}
{"level":"info","message":"MongoDB Connected: ac-ryho25t-shard-00-01.eb8lhc8.mongodb.net","timestamp":"2026-03-09T11:18:10.321Z"}
{"level":"info","message":"Server running in development mode on port 5000","timestamp":"2026-03-09T11:20:30.999Z"}
{"level":"info","message":"MongoDB Connected: ac-ryho25t-shard-00-00.eb8lhc8.mongodb.net","timestamp":"2026-03-09T11:20:31.463Z"}
{"level":"error","message":"Error: Not authorized to access this route\n    at protect (D:\\ichamber-clone\\backend\\src\\middlewares\\auth.middleware.js:14:19)\n    at Layer.handle [as handle_request] (D:\\ichamber-clone\\backend\\node_modules\\express\\lib\\router\\layer.js:95:5)\n    at trim_prefix (D:\\ichamber-clone\\backend\\node_modules\\express\\lib\\router\\index.js:328:13)\n    at D:\\ichamber-clone\\backend\\node_modules\\express\\lib\\router\\index.js:286:9\n    at Function.process_params (D:\\ichamber-clone\\backend\\node_modules\\express\\lib\\router\\index.js:346:12)\n    at next (D:\\ichamber-clone\\backend\\node_modules\\express\\lib\\router\\index.js:280:10)\n    at Function.handle (D:\\ichamber-clone\\backend\\node_modules\\express\\lib\\router\\index.js:175:3)\n    at router (D:\\ichamber-clone\\backend\\node_modules\\express\\lib\\router\\index.js:47:12)\n    at Layer.handle [as handle_request] (D:\\ichamber-clone\\backend\\node_modules\\express\\lib\\router\\layer.js:95:5)\n    at trim_prefix (D:\\ichamber-clone\\backend\\node_modules\\express\\lib\\router\\index.js:328:13)","timestamp":"2026-03-09T11:21:28.854Z"}
{"level":"error","message":"ValidationError: User validation failed: email: Please add a valid email, password: Please add a password\n    at Document.invalidate (D:\\ichamber-clone\\backend\\node_modules\\mongoose\\lib\\document.js:3381:32)\n    at D:\\ichamber-clone\\backend\\node_modules\\mongoose\\lib\\document.js:3142:17\n    at D:\\ichamber-clone\\backend\\node_modules\\mongoose\\lib\\schemaType.js:1446:9\n    at process.processTicksAndRejections (node:internal/process/task_queues:85:11)","timestamp":"2026-03-09T11:21:54.494Z"}
{"level":"error","message":"Error: Not authorized to access this route\n    at protect (D:\\ichamber-clone\\backend\\src\\middlewares\\auth.middleware.js:14:19)\n    at Layer.handle [as handle_request] (D:\\ichamber-clone\\backend\\node_modules\\express\\lib\\router\\layer.js:95:5)\n    at trim_prefix (D:\\ichamber-clone\\backend\\node_modules\\express\\lib\\router\\index.js:328:13)\n    at D:\\ichamber-clone\\backend\\node_modules\\express\\lib\\router\\index.js:286:9\n    at Function.process_params (D:\\ichamber-clone\\backend\\node_modules\\express\\lib\\router\\index.js:346:12)\n    at next (D:\\ichamber-clone\\backend\\node_modules\\express\\lib\\router\\index.js:280:10)\n    at Function.handle (D:\\ichamber-clone\\backend\\node_modules\\express\\lib\\router\\index.js:175:3)\n    at router (D:\\ichamber-clone\\backend\\node_modules\\express\\lib\\router\\index.js:47:12)\n    at Layer.handle [as handle_request] (D:\\ichamber-clone\\backend\\node_modules\\express\\lib\\router\\layer.js:95:5)\n    at trim_prefix (D:\\ichamber-clone\\backend\\node_modules\\express\\lib\\router\\index.js:328:13)","timestamp":"2026-03-09T11:22:02.193Z"}
{"level":"error","message":"ValidationError: User validation failed: firstName: Please add a first name, lastName: Please add a last name, email: Please add an email, password: Please add a password\n    at Document.invalidate (D:\\ichamber-clone\\backend\\node_modules\\mongoose\\lib\\document.js:3381:32)\n    at D:\\ichamber-clone\\backend\\node_modules\\mongoose\\lib\\document.js:3142:17\n    at D:\\ichamber-clone\\backend\\node_modules\\mongoose\\lib\\schemaType.js:1446:9\n    at process.processTicksAndRejections (node:internal/process/task_queues:85:11)","timestamp":"2026-03-09T11:22:16.944Z"}
{"level":"error","message":"Error: Not authorized to access this route\n    at protect (D:\\ichamber-clone\\backend\\src\\middlewares\\auth.middleware.js:14:19)\n    at Layer.handle [as handle_request] (D:\\ichamber-clone\\backend\\node_modules\\express\\lib\\router\\layer.js:95:5)\n    at trim_prefix (D:\\ichamber-clone\\backend\\node_modules\\express\\lib\\router\\index.js:328:13)\n    at D:\\ichamber-clone\\backend\\node_modules\\express\\lib\\router\\index.js:286:9\n    at Function.process_params (D:\\ichamber-clone\\backend\\node_modules\\express\\lib\\router\\index.js:346:12)\n    at next (D:\\ichamber-clone\\backend\\node_modules\\express\\lib\\router\\index.js:280:10)\n    at Function.handle (D:\\ichamber-clone\\backend\\node_modules\\express\\lib\\router\\index.js:175:3)\n    at router (D:\\ichamber-clone\\backend\\node_modules\\express\\lib\\router\\index.js:47:12)\n    at Layer.handle [as handle_request] (D:\\ichamber-clone\\backend\\node_modules\\express\\lib\\router\\layer.js:95:5)\n    at trim_prefix (D:\\ichamber-clone\\backend\\node_modules\\express\\lib\\router\\index.js:328:13)","timestamp":"2026-03-09T11:23:36.900Z"}
{"level":"error","message":"Error: Please verify your email to login\n    at exports.login (D:\\ichamber-clone\\backend\\src\\modules\\auth\\auth.service.js:61:19)\n    at async exports.login (D:\\ichamber-clone\\backend\\src\\modules\\auth\\auth.controller.js:44:49)","timestamp":"2026-03-09T11:24:42.627Z"}
{"level":"info","message":"Server running in development mode on port 5000","timestamp":"2026-03-09T11:32:02.098Z"}
{"level":"info","message":"MongoDB Connected: ac-ryho25t-shard-00-00.eb8lhc8.mongodb.net","timestamp":"2026-03-09T11:32:02.561Z"}
{"level":"error","message":"Error: Not authorized to access this route\n    at protect (D:\\ichamber-clone\\backend\\src\\middlewares\\auth.middleware.js:14:19)\n    at Layer.handle [as handle_request] (D:\\ichamber-clone\\backend\\node_modules\\express\\lib\\router\\layer.js:95:5)\n    at trim_prefix (D:\\ichamber-clone\\backend\\node_modules\\express\\lib\\router\\index.js:328:13)\n    at D:\\ichamber-clone\\backend\\node_modules\\express\\lib\\router\\index.js:286:9\n    at Function.process_params (D:\\ichamber-clone\\backend\\node_modules\\express\\lib\\router\\index.js:346:12)\n    at next (D:\\ichamber-clone\\backend\\node_modules\\express\\lib\\router\\index.js:280:10)\n    at Function.handle (D:\\ichamber-clone\\backend\\node_modules\\express\\lib\\router\\index.js:175:3)\n    at router (D:\\ichamber-clone\\backend\\node_modules\\express\\lib\\router\\index.js:47:12)\n    at Layer.handle [as handle_request] (D:\\ichamber-clone\\backend\\node_modules\\express\\lib\\router\\layer.js:95:5)\n    at trim_prefix (D:\\ichamber-clone\\backend\\node_modules\\express\\lib\\router\\index.js:328:13)","timestamp":"2026-03-09T11:32:19.092Z"}
{"level":"error","message":"Error: Not authorized to access this route\n    at protect (D:\\ichamber-clone\\backend\\src\\middlewares\\auth.middleware.js:14:19)\n    at Layer.handle [as handle_request] (D:\\ichamber-clone\\backend\\node_modules\\express\\lib\\router\\layer.js:95:5)\n    at trim_prefix (D:\\ichamber-clone\\backend\\node_modules\\express\\lib\\router\\index.js:328:13)\n    at D:\\ichamber-clone\\backend\\node_modules\\express\\lib\\router\\index.js:286:9\n    at Function.process_params (D:\\ichamber-clone\\backend\\node_modules\\express\\lib\\router\\index.js:346:12)\n    at next (D:\\ichamber-clone\\backend\\node_modules\\express\\lib\\router\\index.js:280:10)\n    at Function.handle (D:\\ichamber-clone\\backend\\node_modules\\express\\lib\\router\\index.js:175:3)\n    at router (D:\\ichamber-clone\\backend\\node_modules\\express\\lib\\router\\index.js:47:12)\n    at Layer.handle [as handle_request] (D:\\ichamber-clone\\backend\\node_modules\\express\\lib\\router\\layer.js:95:5)\n    at trim_prefix (D:\\ichamber-clone\\backend\\node_modules\\express\\lib\\router\\index.js:328:13)","timestamp":"2026-03-09T11:32:24.283Z"}
{"level":"error","message":"Error: Not authorized to access this route\n    at protect (D:\\ichamber-clone\\backend\\src\\middlewares\\auth.middleware.js:14:19)\n    at Layer.handle [as handle_request] (D:\\ichamber-clone\\backend\\node_modules\\express\\lib\\router\\layer.js:95:5)\n    at trim_prefix (D:\\ichamber-clone\\backend\\node_modules\\express\\lib\\router\\index.js:328:13)\n    at D:\\ichamber-clone\\backend\\node_modules\\express\\lib\\router\\index.js:286:9\n    at Function.process_params (D:\\ichamber-clone\\backend\\node_modules\\express\\lib\\router\\index.js:346:12)\n    at next (D:\\ichamber-clone\\backend\\node_modules\\express\\lib\\router\\index.js:280:10)\n    at Function.handle (D:\\ichamber-clone\\backend\\node_modules\\express\\lib\\router\\index.js:175:3)\n    at router (D:\\ichamber-clone\\backend\\node_modules\\express\\lib\\router\\index.js:47:12)\n    at Layer.handle [as handle_request] (D:\\ichamber-clone\\backend\\node_modules\\express\\lib\\router\\layer.js:95:5)\n    at trim_prefix (D:\\ichamber-clone\\backend\\node_modules\\express\\lib\\router\\index.js:328:13)","timestamp":"2026-03-09T11:33:28.634Z"}
{"level":"info","message":"Server running in development mode on port 5000","timestamp":"2026-03-09T11:35:30.818Z"}
{"level":"info","message":"MongoDB Connected: ac-ryho25t-shard-00-02.eb8lhc8.mongodb.net","timestamp":"2026-03-09T11:35:31.310Z"}
{"level":"info","message":"Server running in development mode on port 5000","timestamp":"2026-03-09T11:43:01.517Z"}
{"level":"info","message":"MongoDB Connected: ac-ryho25t-shard-00-01.eb8lhc8.mongodb.net","timestamp":"2026-03-09T11:43:01.978Z"}
{"level":"error","message":"Error: Not authorized to access this route\n    at protect (D:\\ichamber-clone\\backend\\src\\middlewares\\auth.middleware.js:14:19)\n    at Layer.handle [as handle_request] (D:\\ichamber-clone\\backend\\node_modules\\express\\lib\\router\\layer.js:95:5)\n    at trim_prefix (D:\\ichamber-clone\\backend\\node_modules\\express\\lib\\router\\index.js:328:13)\n    at D:\\ichamber-clone\\backend\\node_modules\\express\\lib\\router\\index.js:286:9\n    at Function.process_params (D:\\ichamber-clone\\backend\\node_modules\\express\\lib\\router\\index.js:346:12)\n    at next (D:\\ichamber-clone\\backend\\node_modules\\express\\lib\\router\\index.js:280:10)\n    at Function.handle (D:\\ichamber-clone\\backend\\node_modules\\express\\lib\\router\\index.js:175:3)\n    at router (D:\\ichamber-clone\\backend\\node_modules\\express\\lib\\router\\index.js:47:12)\n    at Layer.handle [as handle_request] (D:\\ichamber-clone\\backend\\node_modules\\express\\lib\\router\\layer.js:95:5)\n    at trim_prefix (D:\\ichamber-clone\\backend\\node_modules\\express\\lib\\router\\index.js:328:13)","timestamp":"2026-03-09T11:43:43.999Z"}
{"level":"error","message":"MongoServerError: E11000 duplicate key error collection: test.users index: email_1 dup key: { email: \"viveksingh31722@gmail.com\" }\n    at InsertOneOperation.handleOk (D:\\ichamber-clone\\backend\\node_modules\\mongodb\\lib\\operations\\insert.js:51:19)\n    at tryOperation (D:\\ichamber-clone\\backend\\node_modules\\mongodb\\lib\\operations\\execute_operation.js:214:34)\n    at process.processTicksAndRejections (node:internal/process/task_queues:105:5)\n    at async executeOperation (D:\\ichamber-clone\\backend\\node_modules\\mongodb\\lib\\operations\\execute_operation.js:78:16)\n    at async Collection.insertOne (D:\\ichamber-clone\\backend\\node_modules\\mongodb\\lib\\collection.js:154:16)","timestamp":"2026-03-09T11:44:08.358Z"}
{"level":"error","message":"Error: Invalid credentials\n    at exports.login (D:\\ichamber-clone\\backend\\src\\modules\\auth\\auth.service.js:60:19)\n    at async exports.login (D:\\ichamber-clone\\backend\\src\\modules\\auth\\auth.controller.js:44:49)","timestamp":"2026-03-09T11:44:57.238Z"}
{"level":"error","message":"Error: Please verify your email to login\n    at exports.login (D:\\ichamber-clone\\backend\\src\\modules\\auth\\auth.service.js:66:19)\n    at async exports.login (D:\\ichamber-clone\\backend\\src\\modules\\auth\\auth.controller.js:44:49)","timestamp":"2026-03-09T11:45:57.711Z"}
{"level":"error","message":"Error: Please verify your email to login\n    at exports.login (D:\\ichamber-clone\\backend\\src\\modules\\auth\\auth.service.js:66:19)\n    at async exports.login (D:\\ichamber-clone\\backend\\src\\modules\\auth\\auth.controller.js:44:49)","timestamp":"2026-03-09T11:46:06.164Z"}
{"level":"error","message":"Error: Not authorized to access this route\n    at protect (D:\\ichamber-clone\\backend\\src\\middlewares\\auth.middleware.js:14:19)\n    at Layer.handle [as handle_request] (D:\\ichamber-clone\\backend\\node_modules\\express\\lib\\router\\layer.js:95:5)\n    at trim_prefix (D:\\ichamber-clone\\backend\\node_modules\\express\\lib\\router\\index.js:328:13)\n    at D:\\ichamber-clone\\backend\\node_modules\\express\\lib\\router\\index.js:286:9\n    at Function.process_params (D:\\ichamber-clone\\backend\\node_modules\\express\\lib\\router\\index.js:346:12)\n    at next (D:\\ichamber-clone\\backend\\node_modules\\express\\lib\\router\\index.js:280:10)\n    at Function.handle (D:\\ichamber-clone\\backend\\node_modules\\express\\lib\\router\\index.js:175:3)\n    at router (D:\\ichamber-clone\\backend\\node_modules\\express\\lib\\router\\index.js:47:12)\n    at Layer.handle [as handle_request] (D:\\ichamber-clone\\backend\\node_modules\\express\\lib\\router\\layer.js:95:5)\n    at trim_prefix (D:\\ichamber-clone\\backend\\node_modules\\express\\lib\\router\\index.js:328:13)","timestamp":"2026-03-09T11:46:35.035Z"}
{"level":"error","message":"Error: Please verify your email to login\n    at exports.login (D:\\ichamber-clone\\backend\\src\\modules\\auth\\auth.service.js:66:19)\n    at async exports.login (D:\\ichamber-clone\\backend\\src\\modules\\auth\\auth.controller.js:44:49)","timestamp":"2026-03-09T11:46:37.563Z"}
{"level":"error","message":"Error: Not authorized to access this route\n    at protect (D:\\ichamber-clone\\backend\\src\\middlewares\\auth.middleware.js:14:19)\n    at Layer.handle [as handle_request] (D:\\ichamber-clone\\backend\\node_modules\\express\\lib\\router\\layer.js:95:5)\n    at trim_prefix (D:\\ichamber-clone\\backend\\node_modules\\express\\lib\\router\\index.js:328:13)\n    at D:\\ichamber-clone\\backend\\node_modules\\express\\lib\\router\\index.js:286:9\n    at Function.process_params (D:\\ichamber-clone\\backend\\node_modules\\express\\lib\\router\\index.js:346:12)\n    at next (D:\\ichamber-clone\\backend\\node_modules\\express\\lib\\router\\index.js:280:10)\n    at Function.handle (D:\\ichamber-clone\\backend\\node_modules\\express\\lib\\router\\index.js:175:3)\n    at router (D:\\ichamber-clone\\backend\\node_modules\\express\\lib\\router\\index.js:47:12)\n    at Layer.handle [as handle_request] (D:\\ichamber-clone\\backend\\node_modules\\express\\lib\\router\\layer.js:95:5)\n    at trim_prefix (D:\\ichamber-clone\\backend\\node_modules\\express\\lib\\router\\index.js:328:13)","timestamp":"2026-03-09T11:46:41.717Z"}
{"level":"error","message":"Error: Not authorized to access this route\n    at protect (D:\\ichamber-clone\\backend\\src\\middlewares\\auth.middleware.js:14:19)\n    at Layer.handle [as handle_request] (D:\\ichamber-clone\\backend\\node_modules\\express\\lib\\router\\layer.js:95:5)\n    at trim_prefix (D:\\ichamber-clone\\backend\\node_modules\\express\\lib\\router\\index.js:328:13)\n    at D:\\ichamber-clone\\backend\\node_modules\\express\\lib\\router\\index.js:286:9\n    at Function.process_params (D:\\ichamber-clone\\backend\\node_modules\\express\\lib\\router\\index.js:346:12)\n    at next (D:\\ichamber-clone\\backend\\node_modules\\express\\lib\\router\\index.js:280:10)\n    at Function.handle (D:\\ichamber-clone\\backend\\node_modules\\express\\lib\\router\\index.js:175:3)\n    at router (D:\\ichamber-clone\\backend\\node_modules\\express\\lib\\router\\index.js:47:12)\n    at Layer.handle [as handle_request] (D:\\ichamber-clone\\backend\\node_modules\\express\\lib\\router\\layer.js:95:5)\n    at trim_prefix (D:\\ichamber-clone\\backend\\node_modules\\express\\lib\\router\\index.js:328:13)","timestamp":"2026-03-09T11:46:45.719Z"}
{"level":"error","message":"Error: Not authorized to access this route\n    at protect (D:\\ichamber-clone\\backend\\src\\middlewares\\auth.middleware.js:14:19)\n    at Layer.handle [as handle_request] (D:\\ichamber-clone\\backend\\node_modules\\express\\lib\\router\\layer.js:95:5)\n    at trim_prefix (D:\\ichamber-clone\\backend\\node_modules\\express\\lib\\router\\index.js:328:13)\n    at D:\\ichamber-clone\\backend\\node_modules\\express\\lib\\router\\index.js:286:9\n    at Function.process_params (D:\\ichamber-clone\\backend\\node_modules\\express\\lib\\router\\index.js:346:12)\n    at next (D:\\ichamber-clone\\backend\\node_modules\\express\\lib\\router\\index.js:280:10)\n    at Function.handle (D:\\ichamber-clone\\backend\\node_modules\\express\\lib\\router\\index.js:175:3)\n    at router (D:\\ichamber-clone\\backend\\node_modules\\express\\lib\\router\\index.js:47:12)\n    at Layer.handle [as handle_request] (D:\\ichamber-clone\\backend\\node_modules\\express\\lib\\router\\layer.js:95:5)\n    at trim_prefix (D:\\ichamber-clone\\backend\\node_modules\\express\\lib\\router\\index.js:328:13)","timestamp":"2026-03-09T11:47:39.960Z"}
{"level":"info","message":"Server running in development mode on port 5000","timestamp":"2026-03-09T11:51:42.625Z"}
{"level":"info","message":"MongoDB Connected: ac-ryho25t-shard-00-01.eb8lhc8.mongodb.net","timestamp":"2026-03-09T11:51:43.061Z"}
{"level":"error","message":"Error: Not authorized to access this route\n    at protect (D:\\ichamber-clone\\backend\\src\\middlewares\\auth.middleware.js:14:19)\n    at Layer.handle [as handle_request] (D:\\ichamber-clone\\backend\\node_modules\\express\\lib\\router\\layer.js:95:5)\n    at trim_prefix (D:\\ichamber-clone\\backend\\node_modules\\express\\lib\\router\\index.js:328:13)\n    at D:\\ichamber-clone\\backend\\node_modules\\express\\lib\\router\\index.js:286:9\n    at Function.process_params (D:\\ichamber-clone\\backend\\node_modules\\express\\lib\\router\\index.js:346:12)\n    at next (D:\\ichamber-clone\\backend\\node_modules\\express\\lib\\router\\index.js:280:10)\n    at Function.handle (D:\\ichamber-clone\\backend\\node_modules\\express\\lib\\router\\index.js:175:3)\n    at router (D:\\ichamber-clone\\backend\\node_modules\\express\\lib\\router\\index.js:47:12)\n    at Layer.handle [as handle_request] (D:\\ichamber-clone\\backend\\node_modules\\express\\lib\\router\\layer.js:95:5)\n    at trim_prefix (D:\\ichamber-clone\\backend\\node_modules\\express\\lib\\router\\index.js:328:13)","timestamp":"2026-03-09T11:51:57.523Z"}
{"level":"error","message":"Error: Not authorized to access this route\n    at protect (D:\\ichamber-clone\\backend\\src\\middlewares\\auth.middleware.js:14:19)\n    at Layer.handle [as handle_request] (D:\\ichamber-clone\\backend\\node_modules\\express\\lib\\router\\layer.js:95:5)\n    at trim_prefix (D:\\ichamber-clone\\backend\\node_modules\\express\\lib\\router\\index.js:328:13)\n    at D:\\ichamber-clone\\backend\\node_modules\\express\\lib\\router\\index.js:286:9\n    at Function.process_params (D:\\ichamber-clone\\backend\\node_modules\\express\\lib\\router\\index.js:346:12)\n    at next (D:\\ichamber-clone\\backend\\node_modules\\express\\lib\\router\\index.js:280:10)\n    at Function.handle (D:\\ichamber-clone\\backend\\node_modules\\express\\lib\\router\\index.js:175:3)\n    at router (D:\\ichamber-clone\\backend\\node_modules\\express\\lib\\router\\index.js:47:12)\n    at Layer.handle [as handle_request] (D:\\ichamber-clone\\backend\\node_modules\\express\\lib\\router\\layer.js:95:5)\n    at trim_prefix (D:\\ichamber-clone\\backend\\node_modules\\express\\lib\\router\\index.js:328:13)","timestamp":"2026-03-09T11:52:39.152Z"}
{"level":"error","message":"Error: Not authorized to access this route\n    at protect (D:\\ichamber-clone\\backend\\src\\middlewares\\auth.middleware.js:14:19)\n    at Layer.handle [as handle_request] (D:\\ichamber-clone\\backend\\node_modules\\express\\lib\\router\\layer.js:95:5)\n    at trim_prefix (D:\\ichamber-clone\\backend\\node_modules\\express\\lib\\router\\index.js:328:13)\n    at D:\\ichamber-clone\\backend\\node_modules\\express\\lib\\router\\index.js:286:9\n    at Function.process_params (D:\\ichamber-clone\\backend\\node_modules\\express\\lib\\router\\index.js:346:12)\n    at next (D:\\ichamber-clone\\backend\\node_modules\\express\\lib\\router\\index.js:280:10)\n    at Function.handle (D:\\ichamber-clone\\backend\\node_modules\\express\\lib\\router\\index.js:175:3)\n    at router (D:\\ichamber-clone\\backend\\node_modules\\express\\lib\\router\\index.js:47:12)\n    at Layer.handle [as handle_request] (D:\\ichamber-clone\\backend\\node_modules\\express\\lib\\router\\layer.js:95:5)\n    at trim_prefix (D:\\ichamber-clone\\backend\\node_modules\\express\\lib\\router\\index.js:328:13)","timestamp":"2026-03-09T11:53:32.844Z"}
{"level":"info","message":"Server running in development mode on port 5000","timestamp":"2026-03-09T12:36:30.300Z"}
{"level":"info","message":"MongoDB Connected: ac-ryho25t-shard-00-01.eb8lhc8.mongodb.net","timestamp":"2026-03-09T12:36:30.767Z"}
{"level":"error","message":"Error: Invalid or expired verification token\n    at exports.verifyEmail (D:\\ichamber-clone\\backend\\src\\modules\\auth\\auth.service.js:127:19)\n    at process.processTicksAndRejections (node:internal/process/task_queues:105:5)\n    at async exports.verifyEmail (D:\\ichamber-clone\\backend\\src\\modules\\auth\\auth.controller.js:32:5)","timestamp":"2026-03-09T12:36:32.314Z"}
{"level":"info","message":"Server running in development mode on port 5000","timestamp":"2026-03-09T12:37:05.013Z"}
{"level":"info","message":"MongoDB Connected: ac-ryho25t-shard-00-00.eb8lhc8.mongodb.net","timestamp":"2026-03-09T12:37:05.419Z"}
{"level":"error","message":"Error: Not authorized to access this route\n    at protect (D:\\ichamber-clone\\backend\\src\\middlewares\\auth.middleware.js:14:19)\n    at Layer.handle [as handle_request] (D:\\ichamber-clone\\backend\\node_modules\\express\\lib\\router\\layer.js:95:5)\n    at trim_prefix (D:\\ichamber-clone\\backend\\node_modules\\express\\lib\\router\\index.js:328:13)\n    at D:\\ichamber-clone\\backend\\node_modules\\express\\lib\\router\\index.js:286:9\n    at Function.process_params (D:\\ichamber-clone\\backend\\node_modules\\express\\lib\\router\\index.js:346:12)\n    at next (D:\\ichamber-clone\\backend\\node_modules\\express\\lib\\router\\index.js:280:10)\n    at Function.handle (D:\\ichamber-clone\\backend\\node_modules\\express\\lib\\router\\index.js:175:3)\n    at router (D:\\ichamber-clone\\backend\\node_modules\\express\\lib\\router\\index.js:47:12)\n    at Layer.handle [as handle_request] (D:\\ichamber-clone\\backend\\node_modules\\express\\lib\\router\\layer.js:95:5)\n    at trim_prefix (D:\\ichamber-clone\\backend\\node_modules\\express\\lib\\router\\index.js:328:13)","timestamp":"2026-03-09T12:37:17.495Z"}
{"level":"error","message":"Error: Not authorized to access this route\n    at protect (D:\\ichamber-clone\\backend\\src\\middlewares\\auth.middleware.js:14:19)\n    at Layer.handle [as handle_request] (D:\\ichamber-clone\\backend\\node_modules\\express\\lib\\router\\layer.js:95:5)\n    at trim_prefix (D:\\ichamber-clone\\backend\\node_modules\\express\\lib\\router\\index.js:328:13)\n    at D:\\ichamber-clone\\backend\\node_modules\\express\\lib\\router\\index.js:286:9\n    at Function.process_params (D:\\ichamber-clone\\backend\\node_modules\\express\\lib\\router\\index.js:346:12)\n    at next (D:\\ichamber-clone\\backend\\node_modules\\express\\lib\\router\\index.js:280:10)\n    at Function.handle (D:\\ichamber-clone\\backend\\node_modules\\express\\lib\\router\\index.js:175:3)\n    at router (D:\\ichamber-clone\\backend\\node_modules\\express\\lib\\router\\index.js:47:12)\n    at Layer.handle [as handle_request] (D:\\ichamber-clone\\backend\\node_modules\\express\\lib\\router\\layer.js:95:5)\n    at trim_prefix (D:\\ichamber-clone\\backend\\node_modules\\express\\lib\\router\\index.js:328:13)","timestamp":"2026-03-09T12:38:01.083Z"}
